<?xml version="1.0" encoding="UTF-8"?>
<testng-results ignored="0" total="2" passed="2" failed="0" skipped="0">
  <reporter-output>
  </reporter-output>
  <suite started-at="2023-03-30T12:44:04 IST" name="Default suite" finished-at="2023-03-30T12:44:04 IST" duration-ms="65">
    <groups>
    </groups>
    <test started-at="2023-03-30T12:44:04 IST" name="Default test" finished-at="2023-03-30T12:44:04 IST" duration-ms="65">
      <class name="com.ust.test.FirstTest">
        <test-method is-config="true" signature="beforeTest()[pri:0, instance:com.ust.test.FirstTest@4b14c583]" started-at="2023-03-30T12:44:04 IST" name="beforeTest" finished-at="2023-03-30T12:44:04 IST" duration-ms="8" status="PASS">
          <reporter-output>
          </reporter-output>
        </test-method> <!-- beforeTest -->
        <test-method signature="f()[pri:1, instance:com.ust.test.FirstTest@4b14c583]" started-at="2023-03-30T12:44:04 IST" name="f" description="this is executed first" finished-at="2023-03-30T12:44:04 IST" duration-ms="7" status="PASS">
          <reporter-output>
          </reporter-output>
        </test-method> <!-- f -->
        <test-method signature="a()[pri:2, instance:com.ust.test.FirstTest@4b14c583]" started-at="2023-03-30T12:44:04 IST" name="a" description="tests description" finished-at="2023-03-30T12:44:04 IST" duration-ms="3" status="PASS">
          <reporter-output>
          </reporter-output>
        </test-method> <!-- a -->
        <test-method is-config="true" signature="afterTest()[pri:0, instance:com.ust.test.FirstTest@4b14c583]" started-at="2023-03-30T12:44:04 IST" name="afterTest" finished-at="2023-03-30T12:44:04 IST" duration-ms="1" status="PASS">
          <reporter-output>
          </reporter-output>
        </test-method> <!-- afterTest -->
      </class> <!-- com.ust.test.FirstTest -->
    </test> <!-- Default test -->
  </suite> <!-- Default suite -->
</testng-results>
